<?xml version="1.0" encoding="UTF-8"?>
<!-- Generated by org.testng.reporters.JUnitReportReporter -->
<testsuite hostname="DESKTOP-QSE36RQ" failures="0" tests="9" name="api.test.DataDrivenTests" time="12.476" errors="0" timestamp="2023-12-20T13:12:25 IST" skipped="0">
  <testcase classname="api.test.DataDrivenTests" name="testPostUser" time="1.450"/>
  <system-out/>
  <testcase classname="api.test.DataDrivenTests" name="testPostUser" time="1.249"/>
  <system-out/>
  <testcase classname="api.test.DataDrivenTests" name="testPostUser" time="2.617"/>
  <system-out/>
  <testcase classname="api.test.DataDrivenTests" name="testGetUserByName" time="1.232"/>
  <system-out/>
  <testcase classname="api.test.DataDrivenTests" name="testGetUserByName" time="1.348"/>
  <system-out/>
  <testcase classname="api.test.DataDrivenTests" name="testGetUserByName" time="1.218"/>
  <system-out/>
  <testcase classname="api.test.DataDrivenTests" name="testDeleteUserByName" time="1.115"/>
  <system-out/>
  <testcase classname="api.test.DataDrivenTests" name="testDeleteUserByName" time="1.129"/>
  <system-out/>
  <testcase classname="api.test.DataDrivenTests" name="testDeleteUserByName" time="1.118"/>
  <system-out/>
</testsuite> <!-- api.test.DataDrivenTests -->
