<?xml version="1.0" encoding="UTF-8"?>
<!-- Generated by org.testng.reporters.JUnitReportReporter -->
<testsuite hostname="DESKTOP-QSE36RQ" failures="0" tests="4" name="api.test.UserTests" time="7.995" errors="0" timestamp="2023-12-20T16:35:09 IST" skipped="0">
  <testcase classname="api.test.UserTests" name="testpostUser" time="2.941"/>
  <system-out/>
  <testcase classname="api.test.UserTests" name="testGetUserByName" time="1.198"/>
  <system-out/>
  <testcase classname="api.test.UserTests" name="testUpdateUserByName" time="2.527"/>
  <system-out/>
  <testcase classname="api.test.UserTests" name="testDeleteUserByName" time="1.329"/>
  <system-out/>
</testsuite> <!-- api.test.UserTests -->
