<?xml version="1.0" encoding="UTF-8"?>
<!-- Generated by org.testng.reporters.JUnitReportReporter -->
<testsuite hostname="DESKTOP-QSE36RQ" failures="0" tests="4" name="api.test.UserTestsWithProperties" time="6.885" errors="0" timestamp="2023-12-20T17:57:36 IST" skipped="0">
  <testcase classname="api.test.UserTestsWithProperties" name="testpostUser" time="2.321"/>
  <system-out/>
  <testcase classname="api.test.UserTestsWithProperties" name="testGetUserByName" time="1.149"/>
  <system-out/>
  <testcase classname="api.test.UserTestsWithProperties" name="testUpdateUserByName" time="2.298"/>
  <system-out/>
  <testcase classname="api.test.UserTestsWithProperties" name="testDeleteUserByName" time="1.117"/>
  <system-out/>
</testsuite> <!-- api.test.UserTestsWithProperties -->
