<?xml version="1.0" encoding="UTF-8"?>
<!-- Generated by org.testng.reporters.JUnitReportReporter -->
<testsuite hostname="DESKTOP-QSE36RQ" failures="0" tests="9" name="api.test.DataDrivenTests" time="12.002" errors="0" timestamp="2023-12-20T18:08:12 IST" skipped="0">
  <testcase classname="api.test.DataDrivenTests" name="testPostUser" time="1.166"/>
  <system-out/>
  <testcase classname="api.test.DataDrivenTests" name="testPostUser" time="3.004"/>
  <system-out/>
  <testcase classname="api.test.DataDrivenTests" name="testPostUser" time="1.151"/>
  <system-out/>
  <testcase classname="api.test.DataDrivenTests" name="testGetUserByName" time="1.131"/>
  <system-out/>
  <testcase classname="api.test.DataDrivenTests" name="testGetUserByName" time="1.086"/>
  <system-out/>
  <testcase classname="api.test.DataDrivenTests" name="testGetUserByName" time="1.148"/>
  <system-out/>
  <testcase classname="api.test.DataDrivenTests" name="testDeleteUserByName" time="1.089"/>
  <system-out/>
  <testcase classname="api.test.DataDrivenTests" name="testDeleteUserByName" time="1.084"/>
  <system-out/>
  <testcase classname="api.test.DataDrivenTests" name="testDeleteUserByName" time="1.143"/>
  <system-out/>
</testsuite> <!-- api.test.DataDrivenTests -->
