<?xml version="1.0" encoding="UTF-8"?>
<!-- Generated by org.testng.reporters.JUnitReportReporter -->
<testsuite hostname="DESKTOP-QSE36RQ" failures="0" tests="4" name="api.test.UserTests" time="5.852" errors="0" timestamp="2023-12-20T18:08:12 IST" skipped="0">
  <testcase classname="api.test.UserTests" name="testpostUser" time="1.189"/>
  <system-out/>
  <testcase classname="api.test.UserTests" name="testGetUserByName" time="1.149"/>
  <system-out/>
  <testcase classname="api.test.UserTests" name="testUpdateUserByName" time="2.301"/>
  <system-out/>
  <testcase classname="api.test.UserTests" name="testDeleteUserByName" time="1.213"/>
  <system-out/>
</testsuite> <!-- api.test.UserTests -->
